<?xml version="1.0" encoding="UTF-8"?>
<testng-results ignored="0" total="4" passed="4" failed="0" skipped="0">
  <reporter-output>
  </reporter-output>
  <suite started-at="2023-07-25T21:07:24 IST" name="Default suite" finished-at="2023-07-25T21:07:28 IST" duration-ms="4087">
    <groups>
      <group name="cucumber">
        <method signature="AbstractTestNGCucumberTests.runScenario(io.cucumber.testng.PickleWrapper,io.cucumber.testng.FeatureWrapper)[pri:0, instance:Runner.TestRunner@506ae4d4]" name="runScenario" class="io.cucumber.testng.AbstractTestNGCucumberTests"/>
      </group> <!-- cucumber -->
    </groups>
    <test started-at="2023-07-25T21:07:24 IST" name="Default test" finished-at="2023-07-25T21:07:28 IST" duration-ms="4087">
      <class name="Runner.TestRunner">
        <test-method is-config="true" signature="setUpClass(org.testng.ITestContext)[pri:0, instance:Runner.TestRunner@506ae4d4]" started-at="2023-07-25T21:07:24 IST" name="setUpClass" finished-at="2023-07-25T21:07:26 IST" duration-ms="1288" status="PASS">
          <params>
            <param index="0">
              <value>
                <![CDATA[org.testng.TestRunner@9d7ccfe]]>
              </value>
            </param>
          </params>
          <reporter-output>
          </reporter-output>
        </test-method> <!-- setUpClass -->
        <test-method signature="runScenario(io.cucumber.testng.PickleWrapper,io.cucumber.testng.FeatureWrapper)[pri:0, instance:Runner.TestRunner@506ae4d4]" started-at="2023-07-25T21:07:26 IST" name="runScenario" description="Runs Cucumber Scenarios" data-provider="scenarios" finished-at="2023-07-25T21:07:26 IST" duration-ms="211" status="PASS">
          <params>
            <param index="0">
              <value>
                <![CDATA["Check search functionality in amazon with valid products"]]>
              </value>
            </param>
            <param index="1">
              <value>
                <![CDATA["feature to test search functionality"]]>
              </value>
            </param>
          </params>
          <reporter-output>
          </reporter-output>
        </test-method> <!-- runScenario -->
        <test-method signature="runScenario(io.cucumber.testng.PickleWrapper,io.cucumber.testng.FeatureWrapper)[pri:0, instance:Runner.TestRunner@506ae4d4]" started-at="2023-07-25T21:07:26 IST" name="runScenario" description="Runs Cucumber Scenarios" data-provider="scenarios" finished-at="2023-07-25T21:07:26 IST" duration-ms="77" status="PASS">
          <params>
            <param index="0">
              <value>
                <![CDATA["Check login is successfull with the valid credentials"]]>
              </value>
            </param>
            <param index="1">
              <value>
                <![CDATA["feature to test login test functionality"]]>
              </value>
            </param>
          </params>
          <reporter-output>
          </reporter-output>
        </test-method> <!-- runScenario -->
        <test-method signature="runScenario(io.cucumber.testng.PickleWrapper,io.cucumber.testng.FeatureWrapper)[pri:0, instance:Runner.TestRunner@506ae4d4]" started-at="2023-07-25T21:07:26 IST" name="runScenario" description="Runs Cucumber Scenarios" data-provider="scenarios" finished-at="2023-07-25T21:07:26 IST" duration-ms="27" status="PASS">
          <params>
            <param index="0">
              <value>
                <![CDATA["Check login is successfull with the valid credentials"]]>
              </value>
            </param>
            <param index="1">
              <value>
                <![CDATA["feature to test login test functionality"]]>
              </value>
            </param>
          </params>
          <reporter-output>
          </reporter-output>
        </test-method> <!-- runScenario -->
        <test-method signature="runScenario(io.cucumber.testng.PickleWrapper,io.cucumber.testng.FeatureWrapper)[pri:0, instance:Runner.TestRunner@506ae4d4]" started-at="2023-07-25T21:07:26 IST" name="runScenario" description="Runs Cucumber Scenarios" data-provider="scenarios" finished-at="2023-07-25T21:07:26 IST" duration-ms="37" status="PASS">
          <params>
            <param index="0">
              <value>
                <![CDATA["Check login is unsuccessfull with the invalid credentials"]]>
              </value>
            </param>
            <param index="1">
              <value>
                <![CDATA["feature to test login test functionality"]]>
              </value>
            </param>
          </params>
          <reporter-output>
          </reporter-output>
        </test-method> <!-- runScenario -->
        <test-method is-config="true" signature="tearDownClass()[pri:0, instance:Runner.TestRunner@506ae4d4]" started-at="2023-07-25T21:07:26 IST" name="tearDownClass" finished-at="2023-07-25T21:07:28 IST" duration-ms="2325" status="PASS">
          <reporter-output>
          </reporter-output>
        </test-method> <!-- tearDownClass -->
      </class> <!-- Runner.TestRunner -->
    </test> <!-- Default test -->
  </suite> <!-- Default suite -->
</testng-results>
